<?xml version="1.0" encoding="UTF-8"?>
<!-- Generated by org.testng.reporters.JUnitReportReporter -->
<testsuite hostname="DESKTOP-KLUMKP1" name="DBTest.call_KeywordFunc" tests="1" failures="0" timestamp="28 Jul 2017 12:37:47 GMT" time="1.248" errors="0">
  <testcase name="callKeyFunc" time="1.248" classname="DBTest.call_KeywordFunc"/>
</testsuite> <!-- DBTest.call_KeywordFunc -->
